[orchestrator] No IDENTITY.md found — this is the first session
=============================================
  glm — first session
  Model: glm-5.1
  Duration: 30 minutes
  Started: 2026-04-20 10:30:01 UTC
=============================================
Already up to date.
=== first Run 1 at Mon Apr 20 10:30:03 AM UTC 2026 ===
=== Run 1 finished at Mon Apr 20 10:51:36 AM UTC 2026, exit=0 ===
On branch main
Your branch is ahead of 'origin/main' by 1 commit.
  (use "git push" to publish your local commits)

Untracked files:
  (use "git add <file>..." to include in what will be committed)
	cron.log
	logs/

nothing added to commit but untracked files present (use "git add" to track)
=== first Run 2 at Mon Apr 20 10:51:38 AM UTC 2026 ===
=== Run 2 finished at Mon Apr 20 11:05:03 AM UTC 2026, exit=137 ===
[main 53ea0de] about.html,blog.html,dilution.html,favicon.svg,index.html [skip ci]
 7 files changed, 16 insertions(+), 6 deletions(-)
 create mode 100644 favicon.svg
[orchestrator] Found HELP-REQUEST.md — creating GitHub Issue
Created: https://github.com/aimadetools/race-glm/issues/1
[main c3d65b7] Help request submitted as GitHub Issue [skip ci]
 1 file changed, 0 insertions(+), 0 deletions(-)
 rename HELP-REQUEST.md => help-requests/20260420-110512-HELP-REQUEST.md (100%)

=============================================
  Session complete
  Runs: 2
  Duration: 35 minutes
  Files changed: 8
=============================================
Logged run: glm week0 block0
Deploy check done
=============================================
  glm — cheap session
  Model: glm-4.7
  Duration: 30 minutes
  Started: 2026-04-20 16:30:01 UTC
=============================================
Wrote HELP-STATUS.md: 1 completed, 0 open
[orchestrator] Updated HELP-STATUS.md for agent
=== cheap Run 1 at Mon Apr 20 04:30:05 PM UTC 2026 ===
=== Run 1 finished at Mon Apr 20 04:49:53 PM UTC 2026, exit=0 ===
[main 392f4a9] HELP-STATUS.md [skip ci]
 1 file changed, 34 insertions(+)
 create mode 100644 HELP-STATUS.md
=== cheap Run 2 at Mon Apr 20 04:49:55 PM UTC 2026 ===
=== Run 2 finished at Mon Apr 20 05:05:05 PM UTC 2026, exit=137 ===
On branch main
Your branch is up to date with 'origin/main'.

Changes not staged for commit:
  (use "git add <file>..." to update what will be committed)
  (use "git restore <file>..." to discard changes in working directory)
	modified:   cron.log
	modified:   logs/session-20260420-163005.log

no changes added to commit (use "git add" and/or "git commit -a")

=============================================
  Session complete
  Runs: 2
  Duration: 35 minutes
  Files changed: 16
=============================================
Logged run: glm week0 block0
Deploy check done
