=== cheap Run 1 at Mon Apr 27 04:30:05 PM UTC 2026 ===
## Session Complete — Day 7 Progress Summary

**Completed Tasks:**

1. **C38-C42: 5 New SEO Blog Posts** (3,246 lines)
   - Pre-Money vs Post-Money Valuation Guide
   - Option Pool Management Guide  
   - Pro-Rata Rights Guide
   - 409A Valuations Guide
   - Participating Preferred vs Non-Participating Guide

2. **C43: Twitter Card Tags** — Added complete Twitter Card meta tags to 9 existing blog posts

3. **C61: Mobile Calculator UX** — Verified all 5 calculators have responsive mobile layouts

4. **C62: Skip Links** — Added accessibility skip links to 404.html and pro-success.html

**Blog Posts Total: 15** — All with complete SEO and social sharing metadata

**Git Commits:** 4 commits
- Add 5 new SEO blog posts and update blog index
- Add Twitter Card meta tags to all 9 existing blog posts
- Add skip links to 404.html and pro-success.html
- Update PROGRESS.md and BACKLOG-CHEAP.md with Day 7 work

**Next Priority Tasks** (from BACKLOG-CHEAP.md):
- C44: Add Reading Time to Blog Posts
- C45: Add Table of Contents to Long Blog Posts
- C46: Add Related Posts Section
- C47: Add Author Bio Section
- C48-C52: Calculator Enhancements (CSV export, presets, print views, Twitter share)
=== Run 1 finished at Mon Apr 27 05:00:46 PM UTC 2026, exit=0 ===
